Arguments: 
  C:\Program Files\nodejs\node.exe C:\Users\youssef\AppData\Roaming\npm\node_modules\yarn\bin\yarn.js add @fortawesome/pro-duotone-svg-icons

PATH: 
  C:\Python311\Scripts\;C:\Python311\;C:\Program Files\Common Files\Oracle\Java\javapath;C:\Program Files (x86)\Common Files\Oracle\Java\javapath;C:\ProgramData\Oracle\Java\javapath;C:\Windows\system32;C:\Windows;C:\Windows\System32\Wbem;C:\Windows\System32\WindowsPowerShell\v1.0\;C:\Windows\System32\OpenSSH\;C:\Program Files\Git\cmd;C:\Program Files\Java\jdk-11\bin;C:\ProgramData\chocolatey\bin;C:\Program Files\Cloudflare\Cloudflare WARP\;C:\Program Files\nodejs\;C:\Program Files\dotnet\;C:\Users\youssef\AppData\Local\Programs\Python\Python311\Scripts\;C:\Users\youssef\AppData\Local\Programs\Python\Python311\;C:\Program Files\JetBrains\PyCharm Community Edition 2020.2.3\bin;C:\Users\youssef\AppData\Local\Programs\Microsoft VS Code\bin;C:\Users\youssef\AppData\Local\Programs\Python\Python39\Scripts;C:\src\flutter\bin;C:\tools\dart-sdk\bin;C:\Users\youssef\AppData\Roaming\Pub\Cache\bin;C:\Users\youssef\AppData\Local\Pub\Cache\bin;C:\Users\youssef\AppData\Roaming\npm;C:\Users\youssef\AppData\Local\Android\Sdk\platform-tools;C:\Users\youssef\AppData\Local\Yarn\bin

Yarn version: 
  1.22.19

Node version: 
  16.14.2

Platform: 
  win32 x64

Trace: 
  Error: https://registry.yarnpkg.com/@fortawesome%2fpro-duotone-svg-icons: Not found
      at Request.params.callback [as _callback] (C:\Users\youssef\AppData\Roaming\npm\node_modules\yarn\lib\cli.js:66145:18)
      at Request.self.callback (C:\Users\youssef\AppData\Roaming\npm\node_modules\yarn\lib\cli.js:140890:22)
      at Request.emit (node:events:526:28)
      at Request.<anonymous> (C:\Users\youssef\AppData\Roaming\npm\node_modules\yarn\lib\cli.js:141862:10)
      at Request.emit (node:events:526:28)
      at IncomingMessage.<anonymous> (C:\Users\youssef\AppData\Roaming\npm\node_modules\yarn\lib\cli.js:141784:12)
      at Object.onceWrapper (node:events:645:28)
      at IncomingMessage.emit (node:events:538:35)
      at endReadableNT (node:internal/streams/readable:1345:12)
      at processTicksAndRejections (node:internal/process/task_queues:83:21)

npm manifest: 
  No manifest

yarn manifest: 
  No manifest

Lockfile: 
  No lockfile
